<?xml version="1.0" encoding="UTF-8"?><testrun name="UserAuthenticationMockTest" project="authentication-service" tests="4" started="4" failures="0" errors="1" ignored="0">
  <testsuite name="com.project.authenticationservice.testing.UserAuthenticationMockTest" time="0.046" displayname="UserAuthenticationMockTest" uniqueid="[engine:junit-vintage]/[runner:com.project.authenticationservice.testing.UserAuthenticationMockTest]">
    <testcase name="testLoadByUserNameNotFoundException" classname="com.project.authenticationservice.testing.UserAuthenticationMockTest" time="0.034" displayname="testLoadByUserNameNotFoundException" uniqueid="[engine:junit-vintage]/[runner:com.project.authenticationservice.testing.UserAuthenticationMockTest]/[test:testLoadByUserNameNotFoundException(com.project.authenticationservice.testing.UserAuthenticationMockTest)]">
      <error>java.lang.Exception: Unexpected exception, expected&lt;org.springframework.security.core.userdetails.UsernameNotFoundException&gt; but was&lt;java.lang.NullPointerException&gt;&#13;
	at org.junit.internal.runners.statements.ExpectException.evaluate(ExpectException.java:28)&#13;
	at org.mockito.internal.runners.DefaultInternalRunner$1$1.evaluate(DefaultInternalRunner.java:44)&#13;
	at org.junit.runners.ParentRunner.runLeaf(ParentRunner.java:325)&#13;
	at org.junit.runners.BlockJUnit4ClassRunner.runChild(BlockJUnit4ClassRunner.java:78)&#13;
	at org.junit.runners.BlockJUnit4ClassRunner.runChild(BlockJUnit4ClassRunner.java:57)&#13;
	at org.junit.runners.ParentRunner$3.run(ParentRunner.java:290)&#13;
	at org.junit.runners.ParentRunner$1.schedule(ParentRunner.java:71)&#13;
	at org.junit.runners.ParentRunner.runChildren(ParentRunner.java:288)&#13;
	at org.junit.runners.ParentRunner.access$000(ParentRunner.java:58)&#13;
	at org.junit.runners.ParentRunner$2.evaluate(ParentRunner.java:268)&#13;
	at org.junit.runners.ParentRunner.run(ParentRunner.java:363)&#13;
	at org.mockito.internal.runners.DefaultInternalRunner$1.run(DefaultInternalRunner.java:74)&#13;
	at org.mockito.internal.runners.DefaultInternalRunner.run(DefaultInternalRunner.java:80)&#13;
	at org.mockito.internal.runners.StrictRunner.run(StrictRunner.java:39)&#13;
	at org.mockito.junit.MockitoJUnitRunner.run(MockitoJUnitRunner.java:163)&#13;
	at org.junit.runner.JUnitCore.run(JUnitCore.java:137)&#13;
	at org.junit.runner.JUnitCore.run(JUnitCore.java:115)&#13;
	at org.junit.vintage.engine.execution.RunnerExecutor.execute(RunnerExecutor.java:40)&#13;
	at java.util.stream.ForEachOps$ForEachOp$OfRef.accept(Unknown Source)&#13;
	at java.util.stream.ReferencePipeline$3$1.accept(Unknown Source)&#13;
	at java.util.Iterator.forEachRemaining(Unknown Source)&#13;
	at java.util.Spliterators$IteratorSpliterator.forEachRemaining(Unknown Source)&#13;
	at java.util.stream.AbstractPipeline.copyInto(Unknown Source)&#13;
	at java.util.stream.AbstractPipeline.wrapAndCopyInto(Unknown Source)&#13;
	at java.util.stream.ForEachOps$ForEachOp.evaluateSequential(Unknown Source)&#13;
	at java.util.stream.ForEachOps$ForEachOp$OfRef.evaluateSequential(Unknown Source)&#13;
	at java.util.stream.AbstractPipeline.evaluate(Unknown Source)&#13;
	at java.util.stream.ReferencePipeline.forEach(Unknown Source)&#13;
	at org.junit.vintage.engine.VintageTestEngine.executeAllChildren(VintageTestEngine.java:80)&#13;
	at org.junit.vintage.engine.VintageTestEngine.execute(VintageTestEngine.java:71)&#13;
	at org.junit.platform.launcher.core.DefaultLauncher.execute(DefaultLauncher.java:229)&#13;
	at org.junit.platform.launcher.core.DefaultLauncher.lambda$execute$6(DefaultLauncher.java:197)&#13;
	at org.junit.platform.launcher.core.DefaultLauncher.withInterceptedStreams(DefaultLauncher.java:211)&#13;
	at org.junit.platform.launcher.core.DefaultLauncher.execute(DefaultLauncher.java:191)&#13;
	at org.junit.platform.launcher.core.DefaultLauncher.execute(DefaultLauncher.java:137)&#13;
	at org.eclipse.jdt.internal.junit5.runner.JUnit5TestReference.run(JUnit5TestReference.java:89)&#13;
	at org.eclipse.jdt.internal.junit.runner.TestExecution.run(TestExecution.java:41)&#13;
	at org.eclipse.jdt.internal.junit.runner.RemoteTestRunner.runTests(RemoteTestRunner.java:541)&#13;
	at org.eclipse.jdt.internal.junit.runner.RemoteTestRunner.runTests(RemoteTestRunner.java:763)&#13;
	at org.eclipse.jdt.internal.junit.runner.RemoteTestRunner.run(RemoteTestRunner.java:463)&#13;
	at org.eclipse.jdt.internal.junit.runner.RemoteTestRunner.main(RemoteTestRunner.java:209)&#13;
Caused by: java.lang.NullPointerException&#13;
	at com.project.authenticationservice.service.AppUserDetailsService.loadUserByUsername(AppUserDetailsService.java:36)&#13;
	at com.project.authenticationservice.testing.UserAuthenticationMockTest.testLoadByUserNameNotFoundException(UserAuthenticationMockTest.java:49)&#13;
	at sun.reflect.NativeMethodAccessorImpl.invoke0(Native Method)&#13;
	at sun.reflect.NativeMethodAccessorImpl.invoke(Unknown Source)&#13;
	at sun.reflect.DelegatingMethodAccessorImpl.invoke(Unknown Source)&#13;
	at java.lang.reflect.Method.invoke(Unknown Source)&#13;
	at org.junit.runners.model.FrameworkMethod$1.runReflectiveCall(FrameworkMethod.java:50)&#13;
	at org.junit.internal.runners.model.ReflectiveCallable.run(ReflectiveCallable.java:12)&#13;
	at org.junit.runners.model.FrameworkMethod.invokeExplosively(FrameworkMethod.java:47)&#13;
	at org.junit.internal.runners.statements.InvokeMethod.evaluate(InvokeMethod.java:17)&#13;
	at org.junit.internal.runners.statements.ExpectException.evaluate(ExpectException.java:19)&#13;
	... 40 more&#13;
&#13;
</error>
    </testcase>
    <testcase name="newSignUp" classname="com.project.authenticationservice.testing.UserAuthenticationMockTest" time="0.002" displayname="newSignUp" uniqueid="[engine:junit-vintage]/[runner:com.project.authenticationservice.testing.UserAuthenticationMockTest]/[test:newSignUp(com.project.authenticationservice.testing.UserAuthenticationMockTest)]"/>
    <testcase name="testForUserExist" classname="com.project.authenticationservice.testing.UserAuthenticationMockTest" time="0.001" displayname="testForUserExist" uniqueid="[engine:junit-vintage]/[runner:com.project.authenticationservice.testing.UserAuthenticationMockTest]/[test:testForUserExist(com.project.authenticationservice.testing.UserAuthenticationMockTest)]"/>
    <testcase name="mockTestLoadUserByUsername" classname="com.project.authenticationservice.testing.UserAuthenticationMockTest" time="0.006" displayname="mockTestLoadUserByUsername" uniqueid="[engine:junit-vintage]/[runner:com.project.authenticationservice.testing.UserAuthenticationMockTest]/[test:mockTestLoadUserByUsername(com.project.authenticationservice.testing.UserAuthenticationMockTest)]"/>
  </testsuite>
</testrun>
